...........                                                              [100%]
================================ tests coverage ================================
_______________ coverage: platform darwin, python 3.13.3-final-0 _______________

Name                               Stmts   Miss  Cover
------------------------------------------------------
src/ibatch/__init__.py                 1      0   100%
src/ibatch/bench/__init__.py           0      0   100%
src/ibatch/cli/__init__.py             0      0   100%
src/ibatch/cli/main.py                20     20     0%
src/ibatch/runner.py                  24      0   100%
src/ibatch/scheduler/__init__.py       0      0   100%
src/ibatch/scheduler/sim.py           70      1    99%
src/ibatch/types.py                   32      0   100%
src/ibatch/viz/__init__.py             0      0   100%
src/ibatch/viz/charts.py              69      1    99%
src/ibatch/workload/__init__.py        0      0   100%
src/ibatch/workload/generator.py      10      0   100%
------------------------------------------------------
TOTAL                                226     22    90%
11 passed in 0.78s
